<?xml version="1.0" encoding="UTF-8"?>
<testng-results total="2" passed="2" failed="0" skipped="0">
  <reporter-output>
    <line>
      <![CDATA[verifyFacebookLoginPageLogo]]>
    </line>
    <line>
      <![CDATA[verifyFacebookLoginPageTagline]]>
    </line>
    <line>
      <![CDATA[verifyFacebookLoginPageCreateNewAccountBtn]]>
    </line>
    <line>
      <![CDATA[verifyFacebookLoginPageForgotPasswordLink]]>
    </line>
    <line>
      <![CDATA[verifyFacebookLoginPageCreatePageLink]]>
    </line>
    <line>
      <![CDATA[verifyFacebookLoginPageFooterLinks]]>
    </line>
    <line>
      <![CDATA[setFacebookLoginPageUsername]]>
    </line>
    <line>
      <![CDATA[setFacebookLoginPagePassword]]>
    </line>
    <line>
      <![CDATA[clickFacebookLoginPageLoginBtn]]>
    </line>
  </reporter-output>
  <suite started-at="2022-08-17T23:31:36Z" name="Surefire suite" finished-at="2022-08-17T23:32:00Z" duration-ms="24453">
    <groups>
    </groups>
    <test started-at="2022-08-17T23:31:36Z" name="Surefire test" finished-at="2022-08-17T23:32:00Z" duration-ms="24453">
      <class name="com.projectname.qa.TestCases.RegistrationTest">
        <test-method is-config="true" signature="setup()" started-at="2022-08-17T23:31:44Z" name="setup" finished-at="2022-08-17T23:31:53Z" duration-ms="9769" status="PASS">
        </test-method>
        <test-method signature="FacebookRegistrationPage()" started-at="2022-08-17T23:31:53Z" name="FacebookRegistrationPage" finished-at="2022-08-17T23:31:58Z" duration-ms="4374" status="PASS">
        </test-method>
        <test-method is-config="true" signature="teardown()" started-at="2022-08-17T23:31:58Z" name="teardown" finished-at="2022-08-17T23:32:00Z" duration-ms="2501" status="PASS">
        </test-method>
      </class>
      <class name="com.projectname.qa.TestCases.LoginTest">
        <test-method is-config="true" signature="setup()" started-at="2022-08-17T23:31:36Z" name="setup" finished-at="2022-08-17T23:31:43Z" duration-ms="6707" status="PASS">
        </test-method>
        <test-method signature="FacebookLoginPageTest()" started-at="2022-08-17T23:31:43Z" name="FacebookLoginPageTest" finished-at="2022-08-17T23:31:43Z" duration-ms="873" status="PASS">
        </test-method>
        <test-method is-config="true" signature="teardown()" started-at="2022-08-17T23:31:43Z" name="teardown" finished-at="2022-08-17T23:31:44Z" duration-ms="217" status="PASS">
        </test-method>
      </class>
    </test>
  </suite>
</testng-results>
